Building DAG of jobs...
Using shell: /usr/bin/bash
Provided cluster nodes: 200
Job stats:
job                   count
------------------  -------
all                       1
splicing_dna_first       16
total                    17

Select jobs to execute...

[Mon Feb  9 10:05:29 2026]
rule splicing_dna_first:
    input: /omics/odcf/analysis/hipo/hipo_021/outlier_analysis/drop_runs/drop_master_202502_allGenes/processed_results/aberrant_splicing/results/v19/fraser/Other/results_per_junction.tsv
    output: /omics/odcf/analysis/hipo/hipo_021/outlier_analysis/drop_runs/drop_master_202502_allGenes/processed_results/aberrant_splicing/results/v19/fraser/Other/results_gene_all.tsv
    jobid: 5
    reason: Forced execution
    wildcards: cohort=Other
    resources: mem_mb=70000, mem_mib=66758, disk_mb=1000, disk_mib=954, tmpdir=<TBD>

Submitted job 5 with external jobid '47076691 logs/cluster/splicing_dna_first/cohort=Other/jobid5_2058d7bd-3b2c-4a8c-8ed3-8e67194158c1.out'.

[Mon Feb  9 10:05:29 2026]
rule splicing_dna_first:
    input: /omics/odcf/analysis/hipo/hipo_021/outlier_analysis/drop_runs/drop_master_202502_allGenes/processed_results/aberrant_splicing/results/v19/fraser/Bowel/results_per_junction.tsv
    output: /omics/odcf/analysis/hipo/hipo_021/outlier_analysis/drop_runs/drop_master_202502_allGenes/processed_results/aberrant_splicing/results/v19/fraser/Bowel/results_gene_all.tsv
    jobid: 16
    reason: Forced execution
    wildcards: cohort=Bowel
    resources: mem_mb=70000, mem_mib=66758, disk_mb=1000, disk_mib=954, tmpdir=<TBD>

Submitted job 16 with external jobid '47076692 logs/cluster/splicing_dna_first/cohort=Bowel/jobid16_3c2fe6e3-7229-4762-bb91-37bef83247fa.out'.

[Mon Feb  9 10:05:30 2026]
rule splicing_dna_first:
    input: /omics/odcf/analysis/hipo/hipo_021/outlier_analysis/drop_runs/drop_master_202502_allGenes/processed_results/aberrant_splicing/results/v19/fraser/Soft_Tissue/results_per_junction.tsv
    output: /omics/odcf/analysis/hipo/hipo_021/outlier_analysis/drop_runs/drop_master_202502_allGenes/processed_results/aberrant_splicing/results/v19/fraser/Soft_Tissue/results_gene_all.tsv
    jobid: 8
    reason: Forced execution
    wildcards: cohort=Soft_Tissue
    resources: mem_mb=70000, mem_mib=66758, disk_mb=1000, disk_mib=954, tmpdir=<TBD>

Submitted job 8 with external jobid '47076693 logs/cluster/splicing_dna_first/cohort=Soft_Tissue/jobid8_8b95dd55-0c0e-4bf5-b8ba-5a91179303e0.out'.

[Mon Feb  9 10:05:30 2026]
rule splicing_dna_first:
    input: /omics/odcf/analysis/hipo/hipo_021/outlier_analysis/drop_runs/drop_master_202502_allGenes/processed_results/aberrant_splicing/results/v19/fraser/LMS/results_per_junction.tsv
    output: /omics/odcf/analysis/hipo/hipo_021/outlier_analysis/drop_runs/drop_master_202502_allGenes/processed_results/aberrant_splicing/results/v19/fraser/LMS/results_gene_all.tsv
    jobid: 2
    reason: Forced execution
    wildcards: cohort=LMS
    resources: mem_mb=70000, mem_mib=66758, disk_mb=1000, disk_mib=954, tmpdir=<TBD>

Submitted job 2 with external jobid '47076694 logs/cluster/splicing_dna_first/cohort=LMS/jobid2_9fb983d1-6422-42da-bd08-83a4cfaf0091.out'.

[Mon Feb  9 10:05:31 2026]
rule splicing_dna_first:
    input: /omics/odcf/analysis/hipo/hipo_021/outlier_analysis/drop_runs/drop_master_202502_allGenes/processed_results/aberrant_splicing/results/v19/fraser/Pancreas/results_per_junction.tsv
    output: /omics/odcf/analysis/hipo/hipo_021/outlier_analysis/drop_runs/drop_master_202502_allGenes/processed_results/aberrant_splicing/results/v19/fraser/Pancreas/results_gene_all.tsv
    jobid: 12
    reason: Forced execution
    wildcards: cohort=Pancreas
    resources: mem_mb=70000, mem_mib=66758, disk_mb=1000, disk_mib=954, tmpdir=<TBD>

Submitted job 12 with external jobid '47076695 logs/cluster/splicing_dna_first/cohort=Pancreas/jobid12_615a017a-9689-4fb7-a993-f2c72be7cbd8.out'.

[Mon Feb  9 10:05:31 2026]
rule splicing_dna_first:
    input: /omics/odcf/analysis/hipo/hipo_021/outlier_analysis/drop_runs/drop_master_202502_allGenes/processed_results/aberrant_splicing/results/v19/fraser/ACC/results_per_junction.tsv
    output: /omics/odcf/analysis/hipo/hipo_021/outlier_analysis/drop_runs/drop_master_202502_allGenes/processed_results/aberrant_splicing/results/v19/fraser/ACC/results_gene_all.tsv
    jobid: 4
    reason: Forced execution
    wildcards: cohort=ACC
    resources: mem_mb=70000, mem_mib=66758, disk_mb=1000, disk_mib=954, tmpdir=<TBD>

Submitted job 4 with external jobid '47076696 logs/cluster/splicing_dna_first/cohort=ACC/jobid4_081fe7ec-4abe-41bb-9edf-fea86ae1f653.out'.

[Mon Feb  9 10:05:31 2026]
rule splicing_dna_first:
    input: /omics/odcf/analysis/hipo/hipo_021/outlier_analysis/drop_runs/drop_master_202502_allGenes/processed_results/aberrant_splicing/results/v19/fraser/SYNS/results_per_junction.tsv
    output: /omics/odcf/analysis/hipo/hipo_021/outlier_analysis/drop_runs/drop_master_202502_allGenes/processed_results/aberrant_splicing/results/v19/fraser/SYNS/results_gene_all.tsv
    jobid: 11
    reason: Forced execution
    wildcards: cohort=SYNS
    resources: mem_mb=70000, mem_mib=66758, disk_mb=1000, disk_mib=954, tmpdir=<TBD>

Submitted job 11 with external jobid '47076697 logs/cluster/splicing_dna_first/cohort=SYNS/jobid11_348a3948-3162-4be3-ab59-4982cc38e90b.out'.

[Mon Feb  9 10:05:32 2026]
rule splicing_dna_first:
    input: /omics/odcf/analysis/hipo/hipo_021/outlier_analysis/drop_runs/drop_master_202502_allGenes/processed_results/aberrant_splicing/results/v19/fraser/Bone/results_per_junction.tsv
    output: /omics/odcf/analysis/hipo/hipo_021/outlier_analysis/drop_runs/drop_master_202502_allGenes/processed_results/aberrant_splicing/results/v19/fraser/Bone/results_gene_all.tsv
    jobid: 15
    reason: Forced execution
    wildcards: cohort=Bone
    resources: mem_mb=70000, mem_mib=66758, disk_mb=1000, disk_mib=954, tmpdir=<TBD>

Submitted job 15 with external jobid '47076698 logs/cluster/splicing_dna_first/cohort=Bone/jobid15_593c903b-2396-4f16-9891-33c61d95821b.out'.

[Mon Feb  9 10:05:32 2026]
rule splicing_dna_first:
    input: /omics/odcf/analysis/hipo/hipo_021/outlier_analysis/drop_runs/drop_master_202502_allGenes/processed_results/aberrant_splicing/results/v19/fraser/Head_and_Neck/results_per_junction.tsv
    output: /omics/odcf/analysis/hipo/hipo_021/outlier_analysis/drop_runs/drop_master_202502_allGenes/processed_results/aberrant_splicing/results/v19/fraser/Head_and_Neck/results_gene_all.tsv
    jobid: 9
    reason: Forced execution
    wildcards: cohort=Head_and_Neck
    resources: mem_mb=70000, mem_mib=66758, disk_mb=1000, disk_mib=954, tmpdir=<TBD>

Submitted job 9 with external jobid '47076699 logs/cluster/splicing_dna_first/cohort=Head_and_Neck/jobid9_b49a3bff-6e16-43c3-827a-d83df5b1f5ca.out'.

[Mon Feb  9 10:05:33 2026]
rule splicing_dna_first:
    input: /omics/odcf/analysis/hipo/hipo_021/outlier_analysis/drop_runs/drop_master_202502_allGenes/processed_results/aberrant_splicing/results/v19/fraser/Biliary_Tract/results_per_junction.tsv
    output: /omics/odcf/analysis/hipo/hipo_021/outlier_analysis/drop_runs/drop_master_202502_allGenes/processed_results/aberrant_splicing/results/v19/fraser/Biliary_Tract/results_gene_all.tsv
    jobid: 3
    reason: Forced execution
    wildcards: cohort=Biliary_Tract
    resources: mem_mb=70000, mem_mib=66758, disk_mb=1000, disk_mib=954, tmpdir=<TBD>

Submitted job 3 with external jobid '47076700 logs/cluster/splicing_dna_first/cohort=Biliary_Tract/jobid3_851b3cb0-6be7-4227-9aef-73f1b79246b3.out'.

[Mon Feb  9 10:05:33 2026]
rule splicing_dna_first:
    input: /omics/odcf/analysis/hipo/hipo_021/outlier_analysis/drop_runs/drop_master_202502_allGenes/processed_results/aberrant_splicing/results/v19/fraser/Breast/results_per_junction.tsv
    output: /omics/odcf/analysis/hipo/hipo_021/outlier_analysis/drop_runs/drop_master_202502_allGenes/processed_results/aberrant_splicing/results/v19/fraser/Breast/results_gene_all.tsv
    jobid: 1
    reason: Forced execution
    wildcards: cohort=Breast
    resources: mem_mb=70000, mem_mib=66758, disk_mb=1000, disk_mib=954, tmpdir=<TBD>

Submitted job 1 with external jobid '47076701 logs/cluster/splicing_dna_first/cohort=Breast/jobid1_fc3b393b-bb43-4691-b9fa-736f59bcff7c.out'.

[Mon Feb  9 10:05:34 2026]
rule splicing_dna_first:
    input: /omics/odcf/analysis/hipo/hipo_021/outlier_analysis/drop_runs/drop_master_202502_allGenes/processed_results/aberrant_splicing/results/v19/fraser/COAD/results_per_junction.tsv
    output: /omics/odcf/analysis/hipo/hipo_021/outlier_analysis/drop_runs/drop_master_202502_allGenes/processed_results/aberrant_splicing/results/v19/fraser/COAD/results_gene_all.tsv
    jobid: 7
    reason: Forced execution
    wildcards: cohort=COAD
    resources: mem_mb=70000, mem_mib=66758, disk_mb=1000, disk_mib=954, tmpdir=<TBD>

Submitted job 7 with external jobid '47076702 logs/cluster/splicing_dna_first/cohort=COAD/jobid7_f5b7cadd-00a0-4dc2-93c0-55de2d376ee1.out'.

[Mon Feb  9 10:05:34 2026]
rule splicing_dna_first:
    input: /omics/odcf/analysis/hipo/hipo_021/outlier_analysis/drop_runs/drop_master_202502_allGenes/processed_results/aberrant_splicing/results/v19/fraser/Lung/results_per_junction.tsv
    output: /omics/odcf/analysis/hipo/hipo_021/outlier_analysis/drop_runs/drop_master_202502_allGenes/processed_results/aberrant_splicing/results/v19/fraser/Lung/results_gene_all.tsv
    jobid: 10
    reason: Forced execution
    wildcards: cohort=Lung
    resources: mem_mb=70000, mem_mib=66758, disk_mb=1000, disk_mib=954, tmpdir=<TBD>

Submitted job 10 with external jobid '47076703 logs/cluster/splicing_dna_first/cohort=Lung/jobid10_e329b027-eef5-403f-bc61-392c34853bb4.out'.

[Mon Feb  9 10:05:34 2026]
rule splicing_dna_first:
    input: /omics/odcf/analysis/hipo/hipo_021/outlier_analysis/drop_runs/drop_master_202502_allGenes/processed_results/aberrant_splicing/results/v19/fraser/CNS_Brain/results_per_junction.tsv
    output: /omics/odcf/analysis/hipo/hipo_021/outlier_analysis/drop_runs/drop_master_202502_allGenes/processed_results/aberrant_splicing/results/v19/fraser/CNS_Brain/results_gene_all.tsv
    jobid: 14
    reason: Forced execution
    wildcards: cohort=CNS_Brain
    resources: mem_mb=70000, mem_mib=66758, disk_mb=1000, disk_mib=954, tmpdir=<TBD>

Submitted job 14 with external jobid '47076704 logs/cluster/splicing_dna_first/cohort=CNS_Brain/jobid14_66069903-a670-4f93-8e6a-b3d5c80eb3ff.out'.

[Mon Feb  9 10:05:35 2026]
rule splicing_dna_first:
    input: /omics/odcf/analysis/hipo/hipo_021/outlier_analysis/drop_runs/drop_master_202502_allGenes/processed_results/aberrant_splicing/results/v19/fraser/Esophagus_Stomach/results_per_junction.tsv
    output: /omics/odcf/analysis/hipo/hipo_021/outlier_analysis/drop_runs/drop_master_202502_allGenes/processed_results/aberrant_splicing/results/v19/fraser/Esophagus_Stomach/results_gene_all.tsv
    jobid: 6
    reason: Forced execution
    wildcards: cohort=Esophagus_Stomach
    resources: mem_mb=70000, mem_mib=66758, disk_mb=1000, disk_mib=954, tmpdir=<TBD>

Submitted job 6 with external jobid '47076705 logs/cluster/splicing_dna_first/cohort=Esophagus_Stomach/jobid6_2a0290b3-4432-4cf6-8341-8dd8d601173f.out'.

[Mon Feb  9 10:05:35 2026]
rule splicing_dna_first:
    input: /omics/odcf/analysis/hipo/hipo_021/outlier_analysis/drop_runs/drop_master_202502_allGenes/processed_results/aberrant_splicing/results/v19/fraser/Skin/results_per_junction.tsv
    output: /omics/odcf/analysis/hipo/hipo_021/outlier_analysis/drop_runs/drop_master_202502_allGenes/processed_results/aberrant_splicing/results/v19/fraser/Skin/results_gene_all.tsv
    jobid: 13
    reason: Forced execution
    wildcards: cohort=Skin
    resources: mem_mb=70000, mem_mib=66758, disk_mb=1000, disk_mib=954, tmpdir=<TBD>

Submitted job 13 with external jobid '47076706 logs/cluster/splicing_dna_first/cohort=Skin/jobid13_fc779b32-cd5f-4e3c-ae22-50ad0b9d5407.out'.
[Mon Feb  9 10:54:46 2026]
Error in rule splicing_dna_first:
    jobid: 13
    input: /omics/odcf/analysis/hipo/hipo_021/outlier_analysis/drop_runs/drop_master_202502_allGenes/processed_results/aberrant_splicing/results/v19/fraser/Skin/results_per_junction.tsv
    output: /omics/odcf/analysis/hipo/hipo_021/outlier_analysis/drop_runs/drop_master_202502_allGenes/processed_results/aberrant_splicing/results/v19/fraser/Skin/results_gene_all.tsv
    cluster_jobid: 47076706 logs/cluster/splicing_dna_first/cohort=Skin/jobid13_fc779b32-cd5f-4e3c-ae22-50ad0b9d5407.out

Error executing rule splicing_dna_first on cluster (jobid: 13, external: 47076706 logs/cluster/splicing_dna_first/cohort=Skin/jobid13_fc779b32-cd5f-4e3c-ae22-50ad0b9d5407.out, jobscript: /home/a379i/Scripts/AberrantSplicing/.snakemake/tmp.4llbzheh/snakejob.splicing_dna_first.13.sh). For error details see the cluster log and the log files of the involved rule(s).
[Mon Feb  9 11:11:14 2026]
Error in rule splicing_dna_first:
    jobid: 11
    input: /omics/odcf/analysis/hipo/hipo_021/outlier_analysis/drop_runs/drop_master_202502_allGenes/processed_results/aberrant_splicing/results/v19/fraser/SYNS/results_per_junction.tsv
    output: /omics/odcf/analysis/hipo/hipo_021/outlier_analysis/drop_runs/drop_master_202502_allGenes/processed_results/aberrant_splicing/results/v19/fraser/SYNS/results_gene_all.tsv
    cluster_jobid: 47076697 logs/cluster/splicing_dna_first/cohort=SYNS/jobid11_348a3948-3162-4be3-ab59-4982cc38e90b.out

Error executing rule splicing_dna_first on cluster (jobid: 11, external: 47076697 logs/cluster/splicing_dna_first/cohort=SYNS/jobid11_348a3948-3162-4be3-ab59-4982cc38e90b.out, jobscript: /home/a379i/Scripts/AberrantSplicing/.snakemake/tmp.4llbzheh/snakejob.splicing_dna_first.11.sh). For error details see the cluster log and the log files of the involved rule(s).
[Mon Feb  9 11:13:00 2026]
Error in rule splicing_dna_first:
    jobid: 10
    input: /omics/odcf/analysis/hipo/hipo_021/outlier_analysis/drop_runs/drop_master_202502_allGenes/processed_results/aberrant_splicing/results/v19/fraser/Lung/results_per_junction.tsv
    output: /omics/odcf/analysis/hipo/hipo_021/outlier_analysis/drop_runs/drop_master_202502_allGenes/processed_results/aberrant_splicing/results/v19/fraser/Lung/results_gene_all.tsv
    cluster_jobid: 47076703 logs/cluster/splicing_dna_first/cohort=Lung/jobid10_e329b027-eef5-403f-bc61-392c34853bb4.out

Error executing rule splicing_dna_first on cluster (jobid: 10, external: 47076703 logs/cluster/splicing_dna_first/cohort=Lung/jobid10_e329b027-eef5-403f-bc61-392c34853bb4.out, jobscript: /home/a379i/Scripts/AberrantSplicing/.snakemake/tmp.4llbzheh/snakejob.splicing_dna_first.10.sh). For error details see the cluster log and the log files of the involved rule(s).
[Mon Feb  9 11:22:50 2026]
Error in rule splicing_dna_first:
    jobid: 14
    input: /omics/odcf/analysis/hipo/hipo_021/outlier_analysis/drop_runs/drop_master_202502_allGenes/processed_results/aberrant_splicing/results/v19/fraser/CNS_Brain/results_per_junction.tsv
    output: /omics/odcf/analysis/hipo/hipo_021/outlier_analysis/drop_runs/drop_master_202502_allGenes/processed_results/aberrant_splicing/results/v19/fraser/CNS_Brain/results_gene_all.tsv
    cluster_jobid: 47076704 logs/cluster/splicing_dna_first/cohort=CNS_Brain/jobid14_66069903-a670-4f93-8e6a-b3d5c80eb3ff.out

Error executing rule splicing_dna_first on cluster (jobid: 14, external: 47076704 logs/cluster/splicing_dna_first/cohort=CNS_Brain/jobid14_66069903-a670-4f93-8e6a-b3d5c80eb3ff.out, jobscript: /home/a379i/Scripts/AberrantSplicing/.snakemake/tmp.4llbzheh/snakejob.splicing_dna_first.14.sh). For error details see the cluster log and the log files of the involved rule(s).
[Mon Feb  9 11:23:02 2026]
Error in rule splicing_dna_first:
    jobid: 6
    input: /omics/odcf/analysis/hipo/hipo_021/outlier_analysis/drop_runs/drop_master_202502_allGenes/processed_results/aberrant_splicing/results/v19/fraser/Esophagus_Stomach/results_per_junction.tsv
    output: /omics/odcf/analysis/hipo/hipo_021/outlier_analysis/drop_runs/drop_master_202502_allGenes/processed_results/aberrant_splicing/results/v19/fraser/Esophagus_Stomach/results_gene_all.tsv
    cluster_jobid: 47076705 logs/cluster/splicing_dna_first/cohort=Esophagus_Stomach/jobid6_2a0290b3-4432-4cf6-8341-8dd8d601173f.out

Error executing rule splicing_dna_first on cluster (jobid: 6, external: 47076705 logs/cluster/splicing_dna_first/cohort=Esophagus_Stomach/jobid6_2a0290b3-4432-4cf6-8341-8dd8d601173f.out, jobscript: /home/a379i/Scripts/AberrantSplicing/.snakemake/tmp.4llbzheh/snakejob.splicing_dna_first.6.sh). For error details see the cluster log and the log files of the involved rule(s).
[Mon Feb  9 11:25:29 2026]
Error in rule splicing_dna_first:
    jobid: 7
    input: /omics/odcf/analysis/hipo/hipo_021/outlier_analysis/drop_runs/drop_master_202502_allGenes/processed_results/aberrant_splicing/results/v19/fraser/COAD/results_per_junction.tsv
    output: /omics/odcf/analysis/hipo/hipo_021/outlier_analysis/drop_runs/drop_master_202502_allGenes/processed_results/aberrant_splicing/results/v19/fraser/COAD/results_gene_all.tsv
    cluster_jobid: 47076702 logs/cluster/splicing_dna_first/cohort=COAD/jobid7_f5b7cadd-00a0-4dc2-93c0-55de2d376ee1.out

Error executing rule splicing_dna_first on cluster (jobid: 7, external: 47076702 logs/cluster/splicing_dna_first/cohort=COAD/jobid7_f5b7cadd-00a0-4dc2-93c0-55de2d376ee1.out, jobscript: /home/a379i/Scripts/AberrantSplicing/.snakemake/tmp.4llbzheh/snakejob.splicing_dna_first.7.sh). For error details see the cluster log and the log files of the involved rule(s).
[Mon Feb  9 11:29:36 2026]
Error in rule splicing_dna_first:
    jobid: 3
    input: /omics/odcf/analysis/hipo/hipo_021/outlier_analysis/drop_runs/drop_master_202502_allGenes/processed_results/aberrant_splicing/results/v19/fraser/Biliary_Tract/results_per_junction.tsv
    output: /omics/odcf/analysis/hipo/hipo_021/outlier_analysis/drop_runs/drop_master_202502_allGenes/processed_results/aberrant_splicing/results/v19/fraser/Biliary_Tract/results_gene_all.tsv
    cluster_jobid: 47076700 logs/cluster/splicing_dna_first/cohort=Biliary_Tract/jobid3_851b3cb0-6be7-4227-9aef-73f1b79246b3.out

Error executing rule splicing_dna_first on cluster (jobid: 3, external: 47076700 logs/cluster/splicing_dna_first/cohort=Biliary_Tract/jobid3_851b3cb0-6be7-4227-9aef-73f1b79246b3.out, jobscript: /home/a379i/Scripts/AberrantSplicing/.snakemake/tmp.4llbzheh/snakejob.splicing_dna_first.3.sh). For error details see the cluster log and the log files of the involved rule(s).
[Mon Feb  9 11:36:51 2026]
Error in rule splicing_dna_first:
    jobid: 1
    input: /omics/odcf/analysis/hipo/hipo_021/outlier_analysis/drop_runs/drop_master_202502_allGenes/processed_results/aberrant_splicing/results/v19/fraser/Breast/results_per_junction.tsv
    output: /omics/odcf/analysis/hipo/hipo_021/outlier_analysis/drop_runs/drop_master_202502_allGenes/processed_results/aberrant_splicing/results/v19/fraser/Breast/results_gene_all.tsv
    cluster_jobid: 47076701 logs/cluster/splicing_dna_first/cohort=Breast/jobid1_fc3b393b-bb43-4691-b9fa-736f59bcff7c.out

Error executing rule splicing_dna_first on cluster (jobid: 1, external: 47076701 logs/cluster/splicing_dna_first/cohort=Breast/jobid1_fc3b393b-bb43-4691-b9fa-736f59bcff7c.out, jobscript: /home/a379i/Scripts/AberrantSplicing/.snakemake/tmp.4llbzheh/snakejob.splicing_dna_first.1.sh). For error details see the cluster log and the log files of the involved rule(s).
[Mon Feb  9 11:39:46 2026]
Error in rule splicing_dna_first:
    jobid: 4
    input: /omics/odcf/analysis/hipo/hipo_021/outlier_analysis/drop_runs/drop_master_202502_allGenes/processed_results/aberrant_splicing/results/v19/fraser/ACC/results_per_junction.tsv
    output: /omics/odcf/analysis/hipo/hipo_021/outlier_analysis/drop_runs/drop_master_202502_allGenes/processed_results/aberrant_splicing/results/v19/fraser/ACC/results_gene_all.tsv
    cluster_jobid: 47076696 logs/cluster/splicing_dna_first/cohort=ACC/jobid4_081fe7ec-4abe-41bb-9edf-fea86ae1f653.out

Error executing rule splicing_dna_first on cluster (jobid: 4, external: 47076696 logs/cluster/splicing_dna_first/cohort=ACC/jobid4_081fe7ec-4abe-41bb-9edf-fea86ae1f653.out, jobscript: /home/a379i/Scripts/AberrantSplicing/.snakemake/tmp.4llbzheh/snakejob.splicing_dna_first.4.sh). For error details see the cluster log and the log files of the involved rule(s).
[Mon Feb  9 11:40:41 2026]
Error in rule splicing_dna_first:
    jobid: 15
    input: /omics/odcf/analysis/hipo/hipo_021/outlier_analysis/drop_runs/drop_master_202502_allGenes/processed_results/aberrant_splicing/results/v19/fraser/Bone/results_per_junction.tsv
    output: /omics/odcf/analysis/hipo/hipo_021/outlier_analysis/drop_runs/drop_master_202502_allGenes/processed_results/aberrant_splicing/results/v19/fraser/Bone/results_gene_all.tsv
    cluster_jobid: 47076698 logs/cluster/splicing_dna_first/cohort=Bone/jobid15_593c903b-2396-4f16-9891-33c61d95821b.out

Error executing rule splicing_dna_first on cluster (jobid: 15, external: 47076698 logs/cluster/splicing_dna_first/cohort=Bone/jobid15_593c903b-2396-4f16-9891-33c61d95821b.out, jobscript: /home/a379i/Scripts/AberrantSplicing/.snakemake/tmp.4llbzheh/snakejob.splicing_dna_first.15.sh). For error details see the cluster log and the log files of the involved rule(s).
[Mon Feb  9 11:50:44 2026]
Error in rule splicing_dna_first:
    jobid: 9
    input: /omics/odcf/analysis/hipo/hipo_021/outlier_analysis/drop_runs/drop_master_202502_allGenes/processed_results/aberrant_splicing/results/v19/fraser/Head_and_Neck/results_per_junction.tsv
    output: /omics/odcf/analysis/hipo/hipo_021/outlier_analysis/drop_runs/drop_master_202502_allGenes/processed_results/aberrant_splicing/results/v19/fraser/Head_and_Neck/results_gene_all.tsv
    cluster_jobid: 47076699 logs/cluster/splicing_dna_first/cohort=Head_and_Neck/jobid9_b49a3bff-6e16-43c3-827a-d83df5b1f5ca.out

Error executing rule splicing_dna_first on cluster (jobid: 9, external: 47076699 logs/cluster/splicing_dna_first/cohort=Head_and_Neck/jobid9_b49a3bff-6e16-43c3-827a-d83df5b1f5ca.out, jobscript: /home/a379i/Scripts/AberrantSplicing/.snakemake/tmp.4llbzheh/snakejob.splicing_dna_first.9.sh). For error details see the cluster log and the log files of the involved rule(s).
[Mon Feb  9 12:01:12 2026]
Error in rule splicing_dna_first:
    jobid: 2
    input: /omics/odcf/analysis/hipo/hipo_021/outlier_analysis/drop_runs/drop_master_202502_allGenes/processed_results/aberrant_splicing/results/v19/fraser/LMS/results_per_junction.tsv
    output: /omics/odcf/analysis/hipo/hipo_021/outlier_analysis/drop_runs/drop_master_202502_allGenes/processed_results/aberrant_splicing/results/v19/fraser/LMS/results_gene_all.tsv
    cluster_jobid: 47076694 logs/cluster/splicing_dna_first/cohort=LMS/jobid2_9fb983d1-6422-42da-bd08-83a4cfaf0091.out

Error executing rule splicing_dna_first on cluster (jobid: 2, external: 47076694 logs/cluster/splicing_dna_first/cohort=LMS/jobid2_9fb983d1-6422-42da-bd08-83a4cfaf0091.out, jobscript: /home/a379i/Scripts/AberrantSplicing/.snakemake/tmp.4llbzheh/snakejob.splicing_dna_first.2.sh). For error details see the cluster log and the log files of the involved rule(s).
[Mon Feb  9 12:02:25 2026]
Error in rule splicing_dna_first:
    jobid: 16
    input: /omics/odcf/analysis/hipo/hipo_021/outlier_analysis/drop_runs/drop_master_202502_allGenes/processed_results/aberrant_splicing/results/v19/fraser/Bowel/results_per_junction.tsv
    output: /omics/odcf/analysis/hipo/hipo_021/outlier_analysis/drop_runs/drop_master_202502_allGenes/processed_results/aberrant_splicing/results/v19/fraser/Bowel/results_gene_all.tsv
    cluster_jobid: 47076692 logs/cluster/splicing_dna_first/cohort=Bowel/jobid16_3c2fe6e3-7229-4762-bb91-37bef83247fa.out

Error executing rule splicing_dna_first on cluster (jobid: 16, external: 47076692 logs/cluster/splicing_dna_first/cohort=Bowel/jobid16_3c2fe6e3-7229-4762-bb91-37bef83247fa.out, jobscript: /home/a379i/Scripts/AberrantSplicing/.snakemake/tmp.4llbzheh/snakejob.splicing_dna_first.16.sh). For error details see the cluster log and the log files of the involved rule(s).
[Mon Feb  9 12:09:42 2026]
Error in rule splicing_dna_first:
    jobid: 12
    input: /omics/odcf/analysis/hipo/hipo_021/outlier_analysis/drop_runs/drop_master_202502_allGenes/processed_results/aberrant_splicing/results/v19/fraser/Pancreas/results_per_junction.tsv
    output: /omics/odcf/analysis/hipo/hipo_021/outlier_analysis/drop_runs/drop_master_202502_allGenes/processed_results/aberrant_splicing/results/v19/fraser/Pancreas/results_gene_all.tsv
    cluster_jobid: 47076695 logs/cluster/splicing_dna_first/cohort=Pancreas/jobid12_615a017a-9689-4fb7-a993-f2c72be7cbd8.out

Error executing rule splicing_dna_first on cluster (jobid: 12, external: 47076695 logs/cluster/splicing_dna_first/cohort=Pancreas/jobid12_615a017a-9689-4fb7-a993-f2c72be7cbd8.out, jobscript: /home/a379i/Scripts/AberrantSplicing/.snakemake/tmp.4llbzheh/snakejob.splicing_dna_first.12.sh). For error details see the cluster log and the log files of the involved rule(s).
[Mon Feb  9 12:30:14 2026]
Error in rule splicing_dna_first:
    jobid: 8
    input: /omics/odcf/analysis/hipo/hipo_021/outlier_analysis/drop_runs/drop_master_202502_allGenes/processed_results/aberrant_splicing/results/v19/fraser/Soft_Tissue/results_per_junction.tsv
    output: /omics/odcf/analysis/hipo/hipo_021/outlier_analysis/drop_runs/drop_master_202502_allGenes/processed_results/aberrant_splicing/results/v19/fraser/Soft_Tissue/results_gene_all.tsv
    cluster_jobid: 47076693 logs/cluster/splicing_dna_first/cohort=Soft_Tissue/jobid8_8b95dd55-0c0e-4bf5-b8ba-5a91179303e0.out

Error executing rule splicing_dna_first on cluster (jobid: 8, external: 47076693 logs/cluster/splicing_dna_first/cohort=Soft_Tissue/jobid8_8b95dd55-0c0e-4bf5-b8ba-5a91179303e0.out, jobscript: /home/a379i/Scripts/AberrantSplicing/.snakemake/tmp.4llbzheh/snakejob.splicing_dna_first.8.sh). For error details see the cluster log and the log files of the involved rule(s).
[Mon Feb  9 13:53:19 2026]
Error in rule splicing_dna_first:
    jobid: 5
    input: /omics/odcf/analysis/hipo/hipo_021/outlier_analysis/drop_runs/drop_master_202502_allGenes/processed_results/aberrant_splicing/results/v19/fraser/Other/results_per_junction.tsv
    output: /omics/odcf/analysis/hipo/hipo_021/outlier_analysis/drop_runs/drop_master_202502_allGenes/processed_results/aberrant_splicing/results/v19/fraser/Other/results_gene_all.tsv
    cluster_jobid: 47076691 logs/cluster/splicing_dna_first/cohort=Other/jobid5_2058d7bd-3b2c-4a8c-8ed3-8e67194158c1.out

Error executing rule splicing_dna_first on cluster (jobid: 5, external: 47076691 logs/cluster/splicing_dna_first/cohort=Other/jobid5_2058d7bd-3b2c-4a8c-8ed3-8e67194158c1.out, jobscript: /home/a379i/Scripts/AberrantSplicing/.snakemake/tmp.4llbzheh/snakejob.splicing_dna_first.5.sh). For error details see the cluster log and the log files of the involved rule(s).
Exiting because a job execution failed. Look above for error message
Complete log: .snakemake/log/2026-02-09T100526.833940.snakemake.log
