Building DAG of jobs...
Using shell: /usr/bin/bash
Provided cluster nodes: 200
Job stats:
job                   count
------------------  -------
all                       1
splicing_dna_first       16
total                    17

Select jobs to execute...

[Mon Feb  9 00:16:34 2026]
rule splicing_dna_first:
    input: /omics/odcf/analysis/hipo/hipo_021/outlier_analysis/drop_runs/drop_master_202502_allGenes/processed_results/aberrant_splicing/results/v19/fraser/Esophagus_Stomach/results_per_junction.tsv
    output: /omics/odcf/analysis/hipo/hipo_021/outlier_analysis/drop_runs/drop_master_202502_allGenes/processed_results/aberrant_splicing/results/v19/fraser/Esophagus_Stomach/results_gene_all.tsv
    jobid: 5
    reason: Forced execution
    wildcards: cohort=Esophagus_Stomach
    resources: mem_mb=50000, mem_mib=47684, disk_mb=1000, disk_mib=954, tmpdir=<TBD>

Submitted job 5 with external jobid '47067885 logs/cluster/splicing_dna_first/cohort=Esophagus_Stomach/jobid5_dc8d2165-515d-4739-9c78-a0dfbff31ad8.out'.

[Mon Feb  9 00:16:35 2026]
rule splicing_dna_first:
    input: /omics/odcf/analysis/hipo/hipo_021/outlier_analysis/drop_runs/drop_master_202502_allGenes/processed_results/aberrant_splicing/results/v19/fraser/Skin/results_per_junction.tsv
    output: /omics/odcf/analysis/hipo/hipo_021/outlier_analysis/drop_runs/drop_master_202502_allGenes/processed_results/aberrant_splicing/results/v19/fraser/Skin/results_gene_all.tsv
    jobid: 16
    reason: Forced execution
    wildcards: cohort=Skin
    resources: mem_mb=50000, mem_mib=47684, disk_mb=1000, disk_mib=954, tmpdir=<TBD>

Submitted job 16 with external jobid '47067886 logs/cluster/splicing_dna_first/cohort=Skin/jobid16_ac072350-57cd-473a-b3ae-402e33fde7ee.out'.

[Mon Feb  9 00:16:35 2026]
rule splicing_dna_first:
    input: /omics/odcf/analysis/hipo/hipo_021/outlier_analysis/drop_runs/drop_master_202502_allGenes/processed_results/aberrant_splicing/results/v19/fraser/Breast/results_per_junction.tsv
    output: /omics/odcf/analysis/hipo/hipo_021/outlier_analysis/drop_runs/drop_master_202502_allGenes/processed_results/aberrant_splicing/results/v19/fraser/Breast/results_gene_all.tsv
    jobid: 8
    reason: Forced execution
    wildcards: cohort=Breast
    resources: mem_mb=50000, mem_mib=47684, disk_mb=1000, disk_mib=954, tmpdir=<TBD>

Submitted job 8 with external jobid '47067887 logs/cluster/splicing_dna_first/cohort=Breast/jobid8_73088a36-69ed-46b7-b5b6-32e182529925.out'.

[Mon Feb  9 00:16:37 2026]
rule splicing_dna_first:
    input: /omics/odcf/analysis/hipo/hipo_021/outlier_analysis/drop_runs/drop_master_202502_allGenes/processed_results/aberrant_splicing/results/v19/fraser/Biliary_Tract/results_per_junction.tsv
    output: /omics/odcf/analysis/hipo/hipo_021/outlier_analysis/drop_runs/drop_master_202502_allGenes/processed_results/aberrant_splicing/results/v19/fraser/Biliary_Tract/results_gene_all.tsv
    jobid: 2
    reason: Forced execution
    wildcards: cohort=Biliary_Tract
    resources: mem_mb=50000, mem_mib=47684, disk_mb=1000, disk_mib=954, tmpdir=<TBD>

Submitted job 2 with external jobid '47067888 logs/cluster/splicing_dna_first/cohort=Biliary_Tract/jobid2_a5df2415-381f-4a5a-9e60-eb2e2b460946.out'.

[Mon Feb  9 00:16:37 2026]
rule splicing_dna_first:
    input: /omics/odcf/analysis/hipo/hipo_021/outlier_analysis/drop_runs/drop_master_202502_allGenes/processed_results/aberrant_splicing/results/v19/fraser/LMS/results_per_junction.tsv
    output: /omics/odcf/analysis/hipo/hipo_021/outlier_analysis/drop_runs/drop_master_202502_allGenes/processed_results/aberrant_splicing/results/v19/fraser/LMS/results_gene_all.tsv
    jobid: 12
    reason: Forced execution
    wildcards: cohort=LMS
    resources: mem_mb=50000, mem_mib=47684, disk_mb=1000, disk_mib=954, tmpdir=<TBD>

Submitted job 12 with external jobid '47067889 logs/cluster/splicing_dna_first/cohort=LMS/jobid12_61b2a0a0-322d-46d0-9e97-21c9998a9eb9.out'.

[Mon Feb  9 00:16:38 2026]
rule splicing_dna_first:
    input: /omics/odcf/analysis/hipo/hipo_021/outlier_analysis/drop_runs/drop_master_202502_allGenes/processed_results/aberrant_splicing/results/v19/fraser/COAD/results_per_junction.tsv
    output: /omics/odcf/analysis/hipo/hipo_021/outlier_analysis/drop_runs/drop_master_202502_allGenes/processed_results/aberrant_splicing/results/v19/fraser/COAD/results_gene_all.tsv
    jobid: 4
    reason: Forced execution
    wildcards: cohort=COAD
    resources: mem_mb=50000, mem_mib=47684, disk_mb=1000, disk_mib=954, tmpdir=<TBD>

Submitted job 4 with external jobid '47067890 logs/cluster/splicing_dna_first/cohort=COAD/jobid4_adee78f3-30d0-4ee6-927d-c71eed8b5906.out'.

[Mon Feb  9 00:16:38 2026]
rule splicing_dna_first:
    input: /omics/odcf/analysis/hipo/hipo_021/outlier_analysis/drop_runs/drop_master_202502_allGenes/processed_results/aberrant_splicing/results/v19/fraser/ACC/results_per_junction.tsv
    output: /omics/odcf/analysis/hipo/hipo_021/outlier_analysis/drop_runs/drop_master_202502_allGenes/processed_results/aberrant_splicing/results/v19/fraser/ACC/results_gene_all.tsv
    jobid: 11
    reason: Forced execution
    wildcards: cohort=ACC
    resources: mem_mb=50000, mem_mib=47684, disk_mb=1000, disk_mib=954, tmpdir=<TBD>

Submitted job 11 with external jobid '47067891 logs/cluster/splicing_dna_first/cohort=ACC/jobid11_c0be375b-51e8-447f-bb46-079ed1968e4e.out'.

[Mon Feb  9 00:16:38 2026]
rule splicing_dna_first:
    input: /omics/odcf/analysis/hipo/hipo_021/outlier_analysis/drop_runs/drop_master_202502_allGenes/processed_results/aberrant_splicing/results/v19/fraser/SYNS/results_per_junction.tsv
    output: /omics/odcf/analysis/hipo/hipo_021/outlier_analysis/drop_runs/drop_master_202502_allGenes/processed_results/aberrant_splicing/results/v19/fraser/SYNS/results_gene_all.tsv
    jobid: 15
    reason: Forced execution
    wildcards: cohort=SYNS
    resources: mem_mb=50000, mem_mib=47684, disk_mb=1000, disk_mib=954, tmpdir=<TBD>

Submitted job 15 with external jobid '47067892 logs/cluster/splicing_dna_first/cohort=SYNS/jobid15_d76475ef-eb3d-4890-b8e1-063fe150bcb4.out'.

[Mon Feb  9 00:16:39 2026]
rule splicing_dna_first:
    input: /omics/odcf/analysis/hipo/hipo_021/outlier_analysis/drop_runs/drop_master_202502_allGenes/processed_results/aberrant_splicing/results/v19/fraser/Lung/results_per_junction.tsv
    output: /omics/odcf/analysis/hipo/hipo_021/outlier_analysis/drop_runs/drop_master_202502_allGenes/processed_results/aberrant_splicing/results/v19/fraser/Lung/results_gene_all.tsv
    jobid: 9
    reason: Forced execution
    wildcards: cohort=Lung
    resources: mem_mb=50000, mem_mib=47684, disk_mb=1000, disk_mib=954, tmpdir=<TBD>

Submitted job 9 with external jobid '47067893 logs/cluster/splicing_dna_first/cohort=Lung/jobid9_3094203e-b3ed-4415-a756-80a58254641d.out'.

[Mon Feb  9 00:16:39 2026]
rule splicing_dna_first:
    input: /omics/odcf/analysis/hipo/hipo_021/outlier_analysis/drop_runs/drop_master_202502_allGenes/processed_results/aberrant_splicing/results/v19/fraser/Head_and_Neck/results_per_junction.tsv
    output: /omics/odcf/analysis/hipo/hipo_021/outlier_analysis/drop_runs/drop_master_202502_allGenes/processed_results/aberrant_splicing/results/v19/fraser/Head_and_Neck/results_gene_all.tsv
    jobid: 3
    reason: Forced execution
    wildcards: cohort=Head_and_Neck
    resources: mem_mb=50000, mem_mib=47684, disk_mb=1000, disk_mib=954, tmpdir=<TBD>

Submitted job 3 with external jobid '47067894 logs/cluster/splicing_dna_first/cohort=Head_and_Neck/jobid3_832a133d-488a-4963-993a-417607f325da.out'.

[Mon Feb  9 00:16:40 2026]
rule splicing_dna_first:
    input: /omics/odcf/analysis/hipo/hipo_021/outlier_analysis/drop_runs/drop_master_202502_allGenes/processed_results/aberrant_splicing/results/v19/fraser/Other/results_per_junction.tsv
    output: /omics/odcf/analysis/hipo/hipo_021/outlier_analysis/drop_runs/drop_master_202502_allGenes/processed_results/aberrant_splicing/results/v19/fraser/Other/results_gene_all.tsv
    jobid: 1
    reason: Forced execution
    wildcards: cohort=Other
    resources: mem_mb=50000, mem_mib=47684, disk_mb=1000, disk_mib=954, tmpdir=<TBD>

Submitted job 1 with external jobid '47067895 logs/cluster/splicing_dna_first/cohort=Other/jobid1_1843c9a5-f2ec-4e7f-8061-58a233790a03.out'.

[Mon Feb  9 00:16:40 2026]
rule splicing_dna_first:
    input: /omics/odcf/analysis/hipo/hipo_021/outlier_analysis/drop_runs/drop_master_202502_allGenes/processed_results/aberrant_splicing/results/v19/fraser/Bowel/results_per_junction.tsv
    output: /omics/odcf/analysis/hipo/hipo_021/outlier_analysis/drop_runs/drop_master_202502_allGenes/processed_results/aberrant_splicing/results/v19/fraser/Bowel/results_gene_all.tsv
    jobid: 7
    reason: Forced execution
    wildcards: cohort=Bowel
    resources: mem_mb=50000, mem_mib=47684, disk_mb=1000, disk_mib=954, tmpdir=<TBD>

Submitted job 7 with external jobid '47067896 logs/cluster/splicing_dna_first/cohort=Bowel/jobid7_e51c8e06-abe6-49e4-b4ed-785ffeaecc65.out'.

[Mon Feb  9 00:16:40 2026]
rule splicing_dna_first:
    input: /omics/odcf/analysis/hipo/hipo_021/outlier_analysis/drop_runs/drop_master_202502_allGenes/processed_results/aberrant_splicing/results/v19/fraser/Soft_Tissue/results_per_junction.tsv
    output: /omics/odcf/analysis/hipo/hipo_021/outlier_analysis/drop_runs/drop_master_202502_allGenes/processed_results/aberrant_splicing/results/v19/fraser/Soft_Tissue/results_gene_all.tsv
    jobid: 10
    reason: Forced execution
    wildcards: cohort=Soft_Tissue
    resources: mem_mb=50000, mem_mib=47684, disk_mb=1000, disk_mib=954, tmpdir=<TBD>

Submitted job 10 with external jobid '47067897 logs/cluster/splicing_dna_first/cohort=Soft_Tissue/jobid10_b311607d-cfeb-4507-8366-0a8c15aac305.out'.

[Mon Feb  9 00:16:41 2026]
rule splicing_dna_first:
    input: /omics/odcf/analysis/hipo/hipo_021/outlier_analysis/drop_runs/drop_master_202502_allGenes/processed_results/aberrant_splicing/results/v19/fraser/CNS_Brain/results_per_junction.tsv
    output: /omics/odcf/analysis/hipo/hipo_021/outlier_analysis/drop_runs/drop_master_202502_allGenes/processed_results/aberrant_splicing/results/v19/fraser/CNS_Brain/results_gene_all.tsv
    jobid: 14
    reason: Forced execution
    wildcards: cohort=CNS_Brain
    resources: mem_mb=50000, mem_mib=47684, disk_mb=1000, disk_mib=954, tmpdir=<TBD>

Submitted job 14 with external jobid '47067898 logs/cluster/splicing_dna_first/cohort=CNS_Brain/jobid14_9a65778e-82c3-44d7-9021-7c9e86dbcd8c.out'.

[Mon Feb  9 00:16:41 2026]
rule splicing_dna_first:
    input: /omics/odcf/analysis/hipo/hipo_021/outlier_analysis/drop_runs/drop_master_202502_allGenes/processed_results/aberrant_splicing/results/v19/fraser/Pancreas/results_per_junction.tsv
    output: /omics/odcf/analysis/hipo/hipo_021/outlier_analysis/drop_runs/drop_master_202502_allGenes/processed_results/aberrant_splicing/results/v19/fraser/Pancreas/results_gene_all.tsv
    jobid: 6
    reason: Forced execution
    wildcards: cohort=Pancreas
    resources: mem_mb=50000, mem_mib=47684, disk_mb=1000, disk_mib=954, tmpdir=<TBD>

Submitted job 6 with external jobid '47067899 logs/cluster/splicing_dna_first/cohort=Pancreas/jobid6_0f0b38c2-8b35-45be-bb44-3c16e8b34c88.out'.

[Mon Feb  9 00:16:42 2026]
rule splicing_dna_first:
    input: /omics/odcf/analysis/hipo/hipo_021/outlier_analysis/drop_runs/drop_master_202502_allGenes/processed_results/aberrant_splicing/results/v19/fraser/Bone/results_per_junction.tsv
    output: /omics/odcf/analysis/hipo/hipo_021/outlier_analysis/drop_runs/drop_master_202502_allGenes/processed_results/aberrant_splicing/results/v19/fraser/Bone/results_gene_all.tsv
    jobid: 13
    reason: Forced execution
    wildcards: cohort=Bone
    resources: mem_mb=50000, mem_mib=47684, disk_mb=1000, disk_mib=954, tmpdir=<TBD>

Submitted job 13 with external jobid '47067900 logs/cluster/splicing_dna_first/cohort=Bone/jobid13_639ec237-dd11-48f6-b625-dc434e2cf21d.out'.
[Mon Feb  9 01:21:09 2026]
Error in rule splicing_dna_first:
    jobid: 15
    input: /omics/odcf/analysis/hipo/hipo_021/outlier_analysis/drop_runs/drop_master_202502_allGenes/processed_results/aberrant_splicing/results/v19/fraser/SYNS/results_per_junction.tsv
    output: /omics/odcf/analysis/hipo/hipo_021/outlier_analysis/drop_runs/drop_master_202502_allGenes/processed_results/aberrant_splicing/results/v19/fraser/SYNS/results_gene_all.tsv
    cluster_jobid: 47067892 logs/cluster/splicing_dna_first/cohort=SYNS/jobid15_d76475ef-eb3d-4890-b8e1-063fe150bcb4.out

Error executing rule splicing_dna_first on cluster (jobid: 15, external: 47067892 logs/cluster/splicing_dna_first/cohort=SYNS/jobid15_d76475ef-eb3d-4890-b8e1-063fe150bcb4.out, jobscript: /home/a379i/Scripts/AberrantSplicing/.snakemake/tmp.ofnv1ifw/snakejob.splicing_dna_first.15.sh). For error details see the cluster log and the log files of the involved rule(s).
[Mon Feb  9 01:25:01 2026]
Error in rule splicing_dna_first:
    jobid: 13
    input: /omics/odcf/analysis/hipo/hipo_021/outlier_analysis/drop_runs/drop_master_202502_allGenes/processed_results/aberrant_splicing/results/v19/fraser/Bone/results_per_junction.tsv
    output: /omics/odcf/analysis/hipo/hipo_021/outlier_analysis/drop_runs/drop_master_202502_allGenes/processed_results/aberrant_splicing/results/v19/fraser/Bone/results_gene_all.tsv
    cluster_jobid: 47067900 logs/cluster/splicing_dna_first/cohort=Bone/jobid13_639ec237-dd11-48f6-b625-dc434e2cf21d.out

Error executing rule splicing_dna_first on cluster (jobid: 13, external: 47067900 logs/cluster/splicing_dna_first/cohort=Bone/jobid13_639ec237-dd11-48f6-b625-dc434e2cf21d.out, jobscript: /home/a379i/Scripts/AberrantSplicing/.snakemake/tmp.ofnv1ifw/snakejob.splicing_dna_first.13.sh). For error details see the cluster log and the log files of the involved rule(s).
[Mon Feb  9 01:32:35 2026]
Error in rule splicing_dna_first:
    jobid: 12
    input: /omics/odcf/analysis/hipo/hipo_021/outlier_analysis/drop_runs/drop_master_202502_allGenes/processed_results/aberrant_splicing/results/v19/fraser/LMS/results_per_junction.tsv
    output: /omics/odcf/analysis/hipo/hipo_021/outlier_analysis/drop_runs/drop_master_202502_allGenes/processed_results/aberrant_splicing/results/v19/fraser/LMS/results_gene_all.tsv
    cluster_jobid: 47067889 logs/cluster/splicing_dna_first/cohort=LMS/jobid12_61b2a0a0-322d-46d0-9e97-21c9998a9eb9.out

Error executing rule splicing_dna_first on cluster (jobid: 12, external: 47067889 logs/cluster/splicing_dna_first/cohort=LMS/jobid12_61b2a0a0-322d-46d0-9e97-21c9998a9eb9.out, jobscript: /home/a379i/Scripts/AberrantSplicing/.snakemake/tmp.ofnv1ifw/snakejob.splicing_dna_first.12.sh). For error details see the cluster log and the log files of the involved rule(s).
[Mon Feb  9 01:35:21 2026]
Error in rule splicing_dna_first:
    jobid: 6
    input: /omics/odcf/analysis/hipo/hipo_021/outlier_analysis/drop_runs/drop_master_202502_allGenes/processed_results/aberrant_splicing/results/v19/fraser/Pancreas/results_per_junction.tsv
    output: /omics/odcf/analysis/hipo/hipo_021/outlier_analysis/drop_runs/drop_master_202502_allGenes/processed_results/aberrant_splicing/results/v19/fraser/Pancreas/results_gene_all.tsv
    cluster_jobid: 47067899 logs/cluster/splicing_dna_first/cohort=Pancreas/jobid6_0f0b38c2-8b35-45be-bb44-3c16e8b34c88.out

Error executing rule splicing_dna_first on cluster (jobid: 6, external: 47067899 logs/cluster/splicing_dna_first/cohort=Pancreas/jobid6_0f0b38c2-8b35-45be-bb44-3c16e8b34c88.out, jobscript: /home/a379i/Scripts/AberrantSplicing/.snakemake/tmp.ofnv1ifw/snakejob.splicing_dna_first.6.sh). For error details see the cluster log and the log files of the involved rule(s).
[Mon Feb  9 01:36:08 2026]
Error in rule splicing_dna_first:
    jobid: 14
    input: /omics/odcf/analysis/hipo/hipo_021/outlier_analysis/drop_runs/drop_master_202502_allGenes/processed_results/aberrant_splicing/results/v19/fraser/CNS_Brain/results_per_junction.tsv
    output: /omics/odcf/analysis/hipo/hipo_021/outlier_analysis/drop_runs/drop_master_202502_allGenes/processed_results/aberrant_splicing/results/v19/fraser/CNS_Brain/results_gene_all.tsv
    cluster_jobid: 47067898 logs/cluster/splicing_dna_first/cohort=CNS_Brain/jobid14_9a65778e-82c3-44d7-9021-7c9e86dbcd8c.out

Error executing rule splicing_dna_first on cluster (jobid: 14, external: 47067898 logs/cluster/splicing_dna_first/cohort=CNS_Brain/jobid14_9a65778e-82c3-44d7-9021-7c9e86dbcd8c.out, jobscript: /home/a379i/Scripts/AberrantSplicing/.snakemake/tmp.ofnv1ifw/snakejob.splicing_dna_first.14.sh). For error details see the cluster log and the log files of the involved rule(s).
[Mon Feb  9 01:36:42 2026]
Error in rule splicing_dna_first:
    jobid: 16
    input: /omics/odcf/analysis/hipo/hipo_021/outlier_analysis/drop_runs/drop_master_202502_allGenes/processed_results/aberrant_splicing/results/v19/fraser/Skin/results_per_junction.tsv
    output: /omics/odcf/analysis/hipo/hipo_021/outlier_analysis/drop_runs/drop_master_202502_allGenes/processed_results/aberrant_splicing/results/v19/fraser/Skin/results_gene_all.tsv
    cluster_jobid: 47067886 logs/cluster/splicing_dna_first/cohort=Skin/jobid16_ac072350-57cd-473a-b3ae-402e33fde7ee.out

Error executing rule splicing_dna_first on cluster (jobid: 16, external: 47067886 logs/cluster/splicing_dna_first/cohort=Skin/jobid16_ac072350-57cd-473a-b3ae-402e33fde7ee.out, jobscript: /home/a379i/Scripts/AberrantSplicing/.snakemake/tmp.ofnv1ifw/snakejob.splicing_dna_first.16.sh). For error details see the cluster log and the log files of the involved rule(s).
[Mon Feb  9 01:37:05 2026]
Error in rule splicing_dna_first:
    jobid: 4
    input: /omics/odcf/analysis/hipo/hipo_021/outlier_analysis/drop_runs/drop_master_202502_allGenes/processed_results/aberrant_splicing/results/v19/fraser/COAD/results_per_junction.tsv
    output: /omics/odcf/analysis/hipo/hipo_021/outlier_analysis/drop_runs/drop_master_202502_allGenes/processed_results/aberrant_splicing/results/v19/fraser/COAD/results_gene_all.tsv
    cluster_jobid: 47067890 logs/cluster/splicing_dna_first/cohort=COAD/jobid4_adee78f3-30d0-4ee6-927d-c71eed8b5906.out

Error executing rule splicing_dna_first on cluster (jobid: 4, external: 47067890 logs/cluster/splicing_dna_first/cohort=COAD/jobid4_adee78f3-30d0-4ee6-927d-c71eed8b5906.out, jobscript: /home/a379i/Scripts/AberrantSplicing/.snakemake/tmp.ofnv1ifw/snakejob.splicing_dna_first.4.sh). For error details see the cluster log and the log files of the involved rule(s).
[Mon Feb  9 01:38:47 2026]
Error in rule splicing_dna_first:
    jobid: 2
    input: /omics/odcf/analysis/hipo/hipo_021/outlier_analysis/drop_runs/drop_master_202502_allGenes/processed_results/aberrant_splicing/results/v19/fraser/Biliary_Tract/results_per_junction.tsv
    output: /omics/odcf/analysis/hipo/hipo_021/outlier_analysis/drop_runs/drop_master_202502_allGenes/processed_results/aberrant_splicing/results/v19/fraser/Biliary_Tract/results_gene_all.tsv
    cluster_jobid: 47067888 logs/cluster/splicing_dna_first/cohort=Biliary_Tract/jobid2_a5df2415-381f-4a5a-9e60-eb2e2b460946.out

Error executing rule splicing_dna_first on cluster (jobid: 2, external: 47067888 logs/cluster/splicing_dna_first/cohort=Biliary_Tract/jobid2_a5df2415-381f-4a5a-9e60-eb2e2b460946.out, jobscript: /home/a379i/Scripts/AberrantSplicing/.snakemake/tmp.ofnv1ifw/snakejob.splicing_dna_first.2.sh). For error details see the cluster log and the log files of the involved rule(s).
[Mon Feb  9 01:41:11 2026]
Error in rule splicing_dna_first:
    jobid: 5
    input: /omics/odcf/analysis/hipo/hipo_021/outlier_analysis/drop_runs/drop_master_202502_allGenes/processed_results/aberrant_splicing/results/v19/fraser/Esophagus_Stomach/results_per_junction.tsv
    output: /omics/odcf/analysis/hipo/hipo_021/outlier_analysis/drop_runs/drop_master_202502_allGenes/processed_results/aberrant_splicing/results/v19/fraser/Esophagus_Stomach/results_gene_all.tsv
    cluster_jobid: 47067885 logs/cluster/splicing_dna_first/cohort=Esophagus_Stomach/jobid5_dc8d2165-515d-4739-9c78-a0dfbff31ad8.out

Error executing rule splicing_dna_first on cluster (jobid: 5, external: 47067885 logs/cluster/splicing_dna_first/cohort=Esophagus_Stomach/jobid5_dc8d2165-515d-4739-9c78-a0dfbff31ad8.out, jobscript: /home/a379i/Scripts/AberrantSplicing/.snakemake/tmp.ofnv1ifw/snakejob.splicing_dna_first.5.sh). For error details see the cluster log and the log files of the involved rule(s).
[Mon Feb  9 01:41:11 2026]
Error in rule splicing_dna_first:
    jobid: 11
    input: /omics/odcf/analysis/hipo/hipo_021/outlier_analysis/drop_runs/drop_master_202502_allGenes/processed_results/aberrant_splicing/results/v19/fraser/ACC/results_per_junction.tsv
    output: /omics/odcf/analysis/hipo/hipo_021/outlier_analysis/drop_runs/drop_master_202502_allGenes/processed_results/aberrant_splicing/results/v19/fraser/ACC/results_gene_all.tsv
    cluster_jobid: 47067891 logs/cluster/splicing_dna_first/cohort=ACC/jobid11_c0be375b-51e8-447f-bb46-079ed1968e4e.out

Error executing rule splicing_dna_first on cluster (jobid: 11, external: 47067891 logs/cluster/splicing_dna_first/cohort=ACC/jobid11_c0be375b-51e8-447f-bb46-079ed1968e4e.out, jobscript: /home/a379i/Scripts/AberrantSplicing/.snakemake/tmp.ofnv1ifw/snakejob.splicing_dna_first.11.sh). For error details see the cluster log and the log files of the involved rule(s).
[Mon Feb  9 01:43:54 2026]
Error in rule splicing_dna_first:
    jobid: 7
    input: /omics/odcf/analysis/hipo/hipo_021/outlier_analysis/drop_runs/drop_master_202502_allGenes/processed_results/aberrant_splicing/results/v19/fraser/Bowel/results_per_junction.tsv
    output: /omics/odcf/analysis/hipo/hipo_021/outlier_analysis/drop_runs/drop_master_202502_allGenes/processed_results/aberrant_splicing/results/v19/fraser/Bowel/results_gene_all.tsv
    cluster_jobid: 47067896 logs/cluster/splicing_dna_first/cohort=Bowel/jobid7_e51c8e06-abe6-49e4-b4ed-785ffeaecc65.out

Error executing rule splicing_dna_first on cluster (jobid: 7, external: 47067896 logs/cluster/splicing_dna_first/cohort=Bowel/jobid7_e51c8e06-abe6-49e4-b4ed-785ffeaecc65.out, jobscript: /home/a379i/Scripts/AberrantSplicing/.snakemake/tmp.ofnv1ifw/snakejob.splicing_dna_first.7.sh). For error details see the cluster log and the log files of the involved rule(s).
[Mon Feb  9 01:47:37 2026]
Error in rule splicing_dna_first:
    jobid: 8
    input: /omics/odcf/analysis/hipo/hipo_021/outlier_analysis/drop_runs/drop_master_202502_allGenes/processed_results/aberrant_splicing/results/v19/fraser/Breast/results_per_junction.tsv
    output: /omics/odcf/analysis/hipo/hipo_021/outlier_analysis/drop_runs/drop_master_202502_allGenes/processed_results/aberrant_splicing/results/v19/fraser/Breast/results_gene_all.tsv
    cluster_jobid: 47067887 logs/cluster/splicing_dna_first/cohort=Breast/jobid8_73088a36-69ed-46b7-b5b6-32e182529925.out

Error executing rule splicing_dna_first on cluster (jobid: 8, external: 47067887 logs/cluster/splicing_dna_first/cohort=Breast/jobid8_73088a36-69ed-46b7-b5b6-32e182529925.out, jobscript: /home/a379i/Scripts/AberrantSplicing/.snakemake/tmp.ofnv1ifw/snakejob.splicing_dna_first.8.sh). For error details see the cluster log and the log files of the involved rule(s).
[Mon Feb  9 01:55:52 2026]
Error in rule splicing_dna_first:
    jobid: 9
    input: /omics/odcf/analysis/hipo/hipo_021/outlier_analysis/drop_runs/drop_master_202502_allGenes/processed_results/aberrant_splicing/results/v19/fraser/Lung/results_per_junction.tsv
    output: /omics/odcf/analysis/hipo/hipo_021/outlier_analysis/drop_runs/drop_master_202502_allGenes/processed_results/aberrant_splicing/results/v19/fraser/Lung/results_gene_all.tsv
    cluster_jobid: 47067893 logs/cluster/splicing_dna_first/cohort=Lung/jobid9_3094203e-b3ed-4415-a756-80a58254641d.out

Error executing rule splicing_dna_first on cluster (jobid: 9, external: 47067893 logs/cluster/splicing_dna_first/cohort=Lung/jobid9_3094203e-b3ed-4415-a756-80a58254641d.out, jobscript: /home/a379i/Scripts/AberrantSplicing/.snakemake/tmp.ofnv1ifw/snakejob.splicing_dna_first.9.sh). For error details see the cluster log and the log files of the involved rule(s).
[Mon Feb  9 01:58:28 2026]
Error in rule splicing_dna_first:
    jobid: 10
    input: /omics/odcf/analysis/hipo/hipo_021/outlier_analysis/drop_runs/drop_master_202502_allGenes/processed_results/aberrant_splicing/results/v19/fraser/Soft_Tissue/results_per_junction.tsv
    output: /omics/odcf/analysis/hipo/hipo_021/outlier_analysis/drop_runs/drop_master_202502_allGenes/processed_results/aberrant_splicing/results/v19/fraser/Soft_Tissue/results_gene_all.tsv
    cluster_jobid: 47067897 logs/cluster/splicing_dna_first/cohort=Soft_Tissue/jobid10_b311607d-cfeb-4507-8366-0a8c15aac305.out

Error executing rule splicing_dna_first on cluster (jobid: 10, external: 47067897 logs/cluster/splicing_dna_first/cohort=Soft_Tissue/jobid10_b311607d-cfeb-4507-8366-0a8c15aac305.out, jobscript: /home/a379i/Scripts/AberrantSplicing/.snakemake/tmp.ofnv1ifw/snakejob.splicing_dna_first.10.sh). For error details see the cluster log and the log files of the involved rule(s).
[Mon Feb  9 02:03:15 2026]
Error in rule splicing_dna_first:
    jobid: 3
    input: /omics/odcf/analysis/hipo/hipo_021/outlier_analysis/drop_runs/drop_master_202502_allGenes/processed_results/aberrant_splicing/results/v19/fraser/Head_and_Neck/results_per_junction.tsv
    output: /omics/odcf/analysis/hipo/hipo_021/outlier_analysis/drop_runs/drop_master_202502_allGenes/processed_results/aberrant_splicing/results/v19/fraser/Head_and_Neck/results_gene_all.tsv
    cluster_jobid: 47067894 logs/cluster/splicing_dna_first/cohort=Head_and_Neck/jobid3_832a133d-488a-4963-993a-417607f325da.out

Error executing rule splicing_dna_first on cluster (jobid: 3, external: 47067894 logs/cluster/splicing_dna_first/cohort=Head_and_Neck/jobid3_832a133d-488a-4963-993a-417607f325da.out, jobscript: /home/a379i/Scripts/AberrantSplicing/.snakemake/tmp.ofnv1ifw/snakejob.splicing_dna_first.3.sh). For error details see the cluster log and the log files of the involved rule(s).
[Mon Feb  9 03:43:08 2026]
Error in rule splicing_dna_first:
    jobid: 1
    input: /omics/odcf/analysis/hipo/hipo_021/outlier_analysis/drop_runs/drop_master_202502_allGenes/processed_results/aberrant_splicing/results/v19/fraser/Other/results_per_junction.tsv
    output: /omics/odcf/analysis/hipo/hipo_021/outlier_analysis/drop_runs/drop_master_202502_allGenes/processed_results/aberrant_splicing/results/v19/fraser/Other/results_gene_all.tsv
    cluster_jobid: 47067895 logs/cluster/splicing_dna_first/cohort=Other/jobid1_1843c9a5-f2ec-4e7f-8061-58a233790a03.out

Error executing rule splicing_dna_first on cluster (jobid: 1, external: 47067895 logs/cluster/splicing_dna_first/cohort=Other/jobid1_1843c9a5-f2ec-4e7f-8061-58a233790a03.out, jobscript: /home/a379i/Scripts/AberrantSplicing/.snakemake/tmp.ofnv1ifw/snakejob.splicing_dna_first.1.sh). For error details see the cluster log and the log files of the involved rule(s).
Exiting because a job execution failed. Look above for error message
Complete log: .snakemake/log/2026-02-09T001632.603976.snakemake.log
