Building DAG of jobs...
Using shell: /usr/bin/bash
Provided cores: 1 (use --cores to define parallelism)
Rules claiming more threads will be scaled down.
Job stats:
job                   count
------------------  -------
all                       1
splicing_dna_first       16
total                    17

Select jobs to execute...

[Sun Feb  8 21:11:47 2026]
rule splicing_dna_first:
    input: /omics/odcf/analysis/hipo/hipo_021/outlier_analysis/drop_runs/drop_master_202502_allGenes/processed_results/aberrant_splicing/results/v19/fraser/SYNS/results_per_junction.tsv
    output: /omics/odcf/analysis/hipo/hipo_021/outlier_analysis/drop_runs/drop_master_202502_allGenes/processed_results/aberrant_splicing/results/v19/fraser/SYNS/results_gene_all.tsv
    jobid: 3
    reason: Forced execution
    wildcards: cohort=SYNS
    resources: tmpdir=/tmp

[Sun Feb  8 21:13:38 2026]
Error in rule splicing_dna_first:
    jobid: 3
    input: /omics/odcf/analysis/hipo/hipo_021/outlier_analysis/drop_runs/drop_master_202502_allGenes/processed_results/aberrant_splicing/results/v19/fraser/SYNS/results_per_junction.tsv
    output: /omics/odcf/analysis/hipo/hipo_021/outlier_analysis/drop_runs/drop_master_202502_allGenes/processed_results/aberrant_splicing/results/v19/fraser/SYNS/results_gene_all.tsv

RuleException:
CalledProcessError in file /home/a379i/Scripts/AberrantSplicing/Snakefile, line 22:
Command 'set -euo pipefail;  Rscript --vanilla /home/a379i/Scripts/AberrantSplicing/.snakemake/scripts/tmpyxqb95rq.dna_first.R' died with <Signals.SIGKILL: 9>.
  File "/home/a379i/Scripts/AberrantSplicing/Snakefile", line 22, in __rule_splicing_dna_first
  File "/omics/odcf/analysis/hipo/hipo_021/outlier_analysis/drop_env/lib/python3.12/concurrent/futures/thread.py", line 58, in run
Shutting down, this might take some time.
Exiting because a job execution failed. Look above for error message
Complete log: .snakemake/log/2026-02-08T211145.793020.snakemake.log
