Building DAG of jobs...
Using shell: /usr/bin/bash
Provided cluster nodes: 10
Job stats:
job                   count
------------------  -------
all                       1
splicing_dna_first        2
total                     3

Select jobs to execute...

[Wed Feb 11 11:49:31 2026]
rule splicing_dna_first:
    input: /omics/odcf/analysis/hipo/hipo_021/outlier_analysis/drop_runs/drop_master_202502_allGenes/processed_results/aberrant_splicing/results/v19/fraser/Other/results_per_junction.tsv
    output: /omics/odcf/analysis/hipo/hipo_021/outlier_analysis/drop_runs/drop_master_202502_allGenes/processed_results/aberrant_splicing/results/v19/fraser/Other/results_all.tsv.gz
    jobid: 1
    reason: Missing output files: /omics/odcf/analysis/hipo/hipo_021/outlier_analysis/drop_runs/drop_master_202502_allGenes/processed_results/aberrant_splicing/results/v19/fraser/Other/results_all.tsv.gz
    wildcards: cohort=Other
    resources: mem_mb=399000, mem_mib=380517, disk_mb=1000, disk_mib=954, tmpdir=<TBD>

Submitted job 1 with external jobid '47164704 logs/cluster/splicing_dna_first/cohort=Other/jobid1_0a541e1f-ea00-439e-91c3-5a6b28044e23.out'.

[Wed Feb 11 11:49:32 2026]
rule splicing_dna_first:
    input: /omics/odcf/analysis/hipo/hipo_021/outlier_analysis/drop_runs/drop_master_202502_allGenes/processed_results/aberrant_splicing/results/v19/fraser/Soft_Tissue/results_per_junction.tsv
    output: /omics/odcf/analysis/hipo/hipo_021/outlier_analysis/drop_runs/drop_master_202502_allGenes/processed_results/aberrant_splicing/results/v19/fraser/Soft_Tissue/results_all.tsv.gz
    jobid: 9
    reason: Missing output files: /omics/odcf/analysis/hipo/hipo_021/outlier_analysis/drop_runs/drop_master_202502_allGenes/processed_results/aberrant_splicing/results/v19/fraser/Soft_Tissue/results_all.tsv.gz
    wildcards: cohort=Soft_Tissue
    resources: mem_mb=399000, mem_mib=380517, disk_mb=1000, disk_mib=954, tmpdir=<TBD>

Submitted job 9 with external jobid '47164705 logs/cluster/splicing_dna_first/cohort=Soft_Tissue/jobid9_a0a3dc71-ecd3-431d-a0c0-cde0d778d297.out'.
[Thu Feb 12 00:07:23 2026]
Finished job 9.
1 of 3 steps (33%) done
[Thu Feb 12 04:10:31 2026]
Error in rule splicing_dna_first:
    jobid: 1
    input: /omics/odcf/analysis/hipo/hipo_021/outlier_analysis/drop_runs/drop_master_202502_allGenes/processed_results/aberrant_splicing/results/v19/fraser/Other/results_per_junction.tsv
    output: /omics/odcf/analysis/hipo/hipo_021/outlier_analysis/drop_runs/drop_master_202502_allGenes/processed_results/aberrant_splicing/results/v19/fraser/Other/results_all.tsv.gz
    cluster_jobid: 47164704 logs/cluster/splicing_dna_first/cohort=Other/jobid1_0a541e1f-ea00-439e-91c3-5a6b28044e23.out

Error executing rule splicing_dna_first on cluster (jobid: 1, external: 47164704 logs/cluster/splicing_dna_first/cohort=Other/jobid1_0a541e1f-ea00-439e-91c3-5a6b28044e23.out, jobscript: /home/a379i/Scripts/AberrantSplicing/.snakemake/tmp.rdpkiwjb/snakejob.splicing_dna_first.1.sh). For error details see the cluster log and the log files of the involved rule(s).
Exiting because a job execution failed. Look above for error message
Complete log: .snakemake/log/2026-02-11T114925.899733.snakemake.log
