Building DAG of jobs...
Using shell: /usr/bin/bash
Provided cluster nodes: 200
Job stats:
job                   count
------------------  -------
all                       1
splicing_dna_first       16
total                    17

Select jobs to execute...

[Sun Feb  8 21:15:27 2026]
rule splicing_dna_first:
    input: /omics/odcf/analysis/hipo/hipo_021/outlier_analysis/drop_runs/drop_master_202502_allGenes/processed_results/aberrant_splicing/results/v19/fraser/Skin/results_per_junction.tsv
    output: /omics/odcf/analysis/hipo/hipo_021/outlier_analysis/drop_runs/drop_master_202502_allGenes/processed_results/aberrant_splicing/results/v19/fraser/Skin/results_gene_all.tsv
    jobid: 5
    reason: Forced execution
    wildcards: cohort=Skin
    resources: mem_mb=50000, mem_mib=47684, disk_mb=1000, disk_mib=954, tmpdir=<TBD>

Submitted job 5 with external jobid '47066238 logs/cluster/splicing_dna_first/cohort=Skin/jobid5_72ed9c2e-ef3c-4733-80be-f54a1bbe7c0e.out'.

[Sun Feb  8 21:15:27 2026]
rule splicing_dna_first:
    input: /omics/odcf/analysis/hipo/hipo_021/outlier_analysis/drop_runs/drop_master_202502_allGenes/processed_results/aberrant_splicing/results/v19/fraser/Esophagus_Stomach/results_per_junction.tsv
    output: /omics/odcf/analysis/hipo/hipo_021/outlier_analysis/drop_runs/drop_master_202502_allGenes/processed_results/aberrant_splicing/results/v19/fraser/Esophagus_Stomach/results_gene_all.tsv
    jobid: 16
    reason: Forced execution
    wildcards: cohort=Esophagus_Stomach
    resources: mem_mb=50000, mem_mib=47684, disk_mb=1000, disk_mib=954, tmpdir=<TBD>

Submitted job 16 with external jobid '47066239 logs/cluster/splicing_dna_first/cohort=Esophagus_Stomach/jobid16_3c773755-93d7-4832-9b41-19d94dfe5d87.out'.

[Sun Feb  8 21:15:27 2026]
rule splicing_dna_first:
    input: /omics/odcf/analysis/hipo/hipo_021/outlier_analysis/drop_runs/drop_master_202502_allGenes/processed_results/aberrant_splicing/results/v19/fraser/SYNS/results_per_junction.tsv
    output: /omics/odcf/analysis/hipo/hipo_021/outlier_analysis/drop_runs/drop_master_202502_allGenes/processed_results/aberrant_splicing/results/v19/fraser/SYNS/results_gene_all.tsv
    jobid: 12
    reason: Forced execution
    wildcards: cohort=SYNS
    resources: mem_mb=50000, mem_mib=47684, disk_mb=1000, disk_mib=954, tmpdir=<TBD>

Submitted job 12 with external jobid '47066240 logs/cluster/splicing_dna_first/cohort=SYNS/jobid12_8e81e554-4b17-4efc-b798-c4a4ee899ee6.out'.

[Sun Feb  8 21:15:28 2026]
rule splicing_dna_first:
    input: /omics/odcf/analysis/hipo/hipo_021/outlier_analysis/drop_runs/drop_master_202502_allGenes/processed_results/aberrant_splicing/results/v19/fraser/Lung/results_per_junction.tsv
    output: /omics/odcf/analysis/hipo/hipo_021/outlier_analysis/drop_runs/drop_master_202502_allGenes/processed_results/aberrant_splicing/results/v19/fraser/Lung/results_gene_all.tsv
    jobid: 2
    reason: Forced execution
    wildcards: cohort=Lung
    resources: mem_mb=50000, mem_mib=47684, disk_mb=1000, disk_mib=954, tmpdir=<TBD>

Submitted job 2 with external jobid '47066241 logs/cluster/splicing_dna_first/cohort=Lung/jobid2_0ca40464-a226-4954-b37d-5740c1bdccc0.out'.

[Sun Feb  8 21:15:28 2026]
rule splicing_dna_first:
    input: /omics/odcf/analysis/hipo/hipo_021/outlier_analysis/drop_runs/drop_master_202502_allGenes/processed_results/aberrant_splicing/results/v19/fraser/ACC/results_per_junction.tsv
    output: /omics/odcf/analysis/hipo/hipo_021/outlier_analysis/drop_runs/drop_master_202502_allGenes/processed_results/aberrant_splicing/results/v19/fraser/ACC/results_gene_all.tsv
    jobid: 8
    reason: Forced execution
    wildcards: cohort=ACC
    resources: mem_mb=50000, mem_mib=47684, disk_mb=1000, disk_mib=954, tmpdir=<TBD>

Submitted job 8 with external jobid '47066242 logs/cluster/splicing_dna_first/cohort=ACC/jobid8_6380797b-1605-47bf-b9db-f640823d8955.out'.

[Sun Feb  8 21:15:29 2026]
rule splicing_dna_first:
    input: /omics/odcf/analysis/hipo/hipo_021/outlier_analysis/drop_runs/drop_master_202502_allGenes/processed_results/aberrant_splicing/results/v19/fraser/Other/results_per_junction.tsv
    output: /omics/odcf/analysis/hipo/hipo_021/outlier_analysis/drop_runs/drop_master_202502_allGenes/processed_results/aberrant_splicing/results/v19/fraser/Other/results_gene_all.tsv
    jobid: 4
    reason: Forced execution
    wildcards: cohort=Other
    resources: mem_mb=50000, mem_mib=47684, disk_mb=1000, disk_mib=954, tmpdir=<TBD>

Submitted job 4 with external jobid '47066243 logs/cluster/splicing_dna_first/cohort=Other/jobid4_7aecd852-ceeb-43a7-b260-3a163046bd68.out'.

[Sun Feb  8 21:15:30 2026]
rule splicing_dna_first:
    input: /omics/odcf/analysis/hipo/hipo_021/outlier_analysis/drop_runs/drop_master_202502_allGenes/processed_results/aberrant_splicing/results/v19/fraser/Pancreas/results_per_junction.tsv
    output: /omics/odcf/analysis/hipo/hipo_021/outlier_analysis/drop_runs/drop_master_202502_allGenes/processed_results/aberrant_splicing/results/v19/fraser/Pancreas/results_gene_all.tsv
    jobid: 11
    reason: Forced execution
    wildcards: cohort=Pancreas
    resources: mem_mb=50000, mem_mib=47684, disk_mb=1000, disk_mib=954, tmpdir=<TBD>

Submitted job 11 with external jobid '47066244 logs/cluster/splicing_dna_first/cohort=Pancreas/jobid11_78cf4f3c-e79e-4a3a-b2cd-135ba7ec1126.out'.

[Sun Feb  8 21:15:30 2026]
rule splicing_dna_first:
    input: /omics/odcf/analysis/hipo/hipo_021/outlier_analysis/drop_runs/drop_master_202502_allGenes/processed_results/aberrant_splicing/results/v19/fraser/Soft_Tissue/results_per_junction.tsv
    output: /omics/odcf/analysis/hipo/hipo_021/outlier_analysis/drop_runs/drop_master_202502_allGenes/processed_results/aberrant_splicing/results/v19/fraser/Soft_Tissue/results_gene_all.tsv
    jobid: 15
    reason: Forced execution
    wildcards: cohort=Soft_Tissue
    resources: mem_mb=50000, mem_mib=47684, disk_mb=1000, disk_mib=954, tmpdir=<TBD>

Submitted job 15 with external jobid '47066245 logs/cluster/splicing_dna_first/cohort=Soft_Tissue/jobid15_1083b4f1-1cad-4080-a406-acb29ff57497.out'.

[Sun Feb  8 21:15:31 2026]
rule splicing_dna_first:
    input: /omics/odcf/analysis/hipo/hipo_021/outlier_analysis/drop_runs/drop_master_202502_allGenes/processed_results/aberrant_splicing/results/v19/fraser/Biliary_Tract/results_per_junction.tsv
    output: /omics/odcf/analysis/hipo/hipo_021/outlier_analysis/drop_runs/drop_master_202502_allGenes/processed_results/aberrant_splicing/results/v19/fraser/Biliary_Tract/results_gene_all.tsv
    jobid: 9
    reason: Forced execution
    wildcards: cohort=Biliary_Tract
    resources: mem_mb=50000, mem_mib=47684, disk_mb=1000, disk_mib=954, tmpdir=<TBD>

Submitted job 9 with external jobid '47066246 logs/cluster/splicing_dna_first/cohort=Biliary_Tract/jobid9_28e1c64f-0aab-4dc2-aeab-fca28c972d64.out'.

[Sun Feb  8 21:15:31 2026]
rule splicing_dna_first:
    input: /omics/odcf/analysis/hipo/hipo_021/outlier_analysis/drop_runs/drop_master_202502_allGenes/processed_results/aberrant_splicing/results/v19/fraser/CNS_Brain/results_per_junction.tsv
    output: /omics/odcf/analysis/hipo/hipo_021/outlier_analysis/drop_runs/drop_master_202502_allGenes/processed_results/aberrant_splicing/results/v19/fraser/CNS_Brain/results_gene_all.tsv
    jobid: 3
    reason: Forced execution
    wildcards: cohort=CNS_Brain
    resources: mem_mb=50000, mem_mib=47684, disk_mb=1000, disk_mib=954, tmpdir=<TBD>

Submitted job 3 with external jobid '47066247 logs/cluster/splicing_dna_first/cohort=CNS_Brain/jobid3_cec3d10d-3c0b-4831-bef3-3d1a668ad605.out'.

[Sun Feb  8 21:15:34 2026]
rule splicing_dna_first:
    input: /omics/odcf/analysis/hipo/hipo_021/outlier_analysis/drop_runs/drop_master_202502_allGenes/processed_results/aberrant_splicing/results/v19/fraser/Breast/results_per_junction.tsv
    output: /omics/odcf/analysis/hipo/hipo_021/outlier_analysis/drop_runs/drop_master_202502_allGenes/processed_results/aberrant_splicing/results/v19/fraser/Breast/results_gene_all.tsv
    jobid: 1
    reason: Forced execution
    wildcards: cohort=Breast
    resources: mem_mb=50000, mem_mib=47684, disk_mb=1000, disk_mib=954, tmpdir=<TBD>

Submitted job 1 with external jobid '47066248 logs/cluster/splicing_dna_first/cohort=Breast/jobid1_2e421eb5-4cc0-455d-9b46-e628a83f5e71.out'.

[Sun Feb  8 21:15:35 2026]
rule splicing_dna_first:
    input: /omics/odcf/analysis/hipo/hipo_021/outlier_analysis/drop_runs/drop_master_202502_allGenes/processed_results/aberrant_splicing/results/v19/fraser/Bowel/results_per_junction.tsv
    output: /omics/odcf/analysis/hipo/hipo_021/outlier_analysis/drop_runs/drop_master_202502_allGenes/processed_results/aberrant_splicing/results/v19/fraser/Bowel/results_gene_all.tsv
    jobid: 7
    reason: Forced execution
    wildcards: cohort=Bowel
    resources: mem_mb=50000, mem_mib=47684, disk_mb=1000, disk_mib=954, tmpdir=<TBD>

Submitted job 7 with external jobid '47066249 logs/cluster/splicing_dna_first/cohort=Bowel/jobid7_3454d388-4d7e-4634-8162-90ee9e8474d7.out'.

[Sun Feb  8 21:15:35 2026]
rule splicing_dna_first:
    input: /omics/odcf/analysis/hipo/hipo_021/outlier_analysis/drop_runs/drop_master_202502_allGenes/processed_results/aberrant_splicing/results/v19/fraser/Head_and_Neck/results_per_junction.tsv
    output: /omics/odcf/analysis/hipo/hipo_021/outlier_analysis/drop_runs/drop_master_202502_allGenes/processed_results/aberrant_splicing/results/v19/fraser/Head_and_Neck/results_gene_all.tsv
    jobid: 10
    reason: Forced execution
    wildcards: cohort=Head_and_Neck
    resources: mem_mb=50000, mem_mib=47684, disk_mb=1000, disk_mib=954, tmpdir=<TBD>

Submitted job 10 with external jobid '47066250 logs/cluster/splicing_dna_first/cohort=Head_and_Neck/jobid10_36fbd8ab-a5db-439a-924b-94adac489ae1.out'.

[Sun Feb  8 21:15:36 2026]
rule splicing_dna_first:
    input: /omics/odcf/analysis/hipo/hipo_021/outlier_analysis/drop_runs/drop_master_202502_allGenes/processed_results/aberrant_splicing/results/v19/fraser/LMS/results_per_junction.tsv
    output: /omics/odcf/analysis/hipo/hipo_021/outlier_analysis/drop_runs/drop_master_202502_allGenes/processed_results/aberrant_splicing/results/v19/fraser/LMS/results_gene_all.tsv
    jobid: 14
    reason: Forced execution
    wildcards: cohort=LMS
    resources: mem_mb=50000, mem_mib=47684, disk_mb=1000, disk_mib=954, tmpdir=<TBD>

Submitted job 14 with external jobid '47066251 logs/cluster/splicing_dna_first/cohort=LMS/jobid14_0ba23081-90fe-4bf6-9450-70e150b5bedc.out'.

[Sun Feb  8 21:15:36 2026]
rule splicing_dna_first:
    input: /omics/odcf/analysis/hipo/hipo_021/outlier_analysis/drop_runs/drop_master_202502_allGenes/processed_results/aberrant_splicing/results/v19/fraser/COAD/results_per_junction.tsv
    output: /omics/odcf/analysis/hipo/hipo_021/outlier_analysis/drop_runs/drop_master_202502_allGenes/processed_results/aberrant_splicing/results/v19/fraser/COAD/results_gene_all.tsv
    jobid: 6
    reason: Forced execution
    wildcards: cohort=COAD
    resources: mem_mb=50000, mem_mib=47684, disk_mb=1000, disk_mib=954, tmpdir=<TBD>

Submitted job 6 with external jobid '47066252 logs/cluster/splicing_dna_first/cohort=COAD/jobid6_fe2e338f-d7c6-4215-b951-a7605fc9135e.out'.

[Sun Feb  8 21:15:36 2026]
rule splicing_dna_first:
    input: /omics/odcf/analysis/hipo/hipo_021/outlier_analysis/drop_runs/drop_master_202502_allGenes/processed_results/aberrant_splicing/results/v19/fraser/Bone/results_per_junction.tsv
    output: /omics/odcf/analysis/hipo/hipo_021/outlier_analysis/drop_runs/drop_master_202502_allGenes/processed_results/aberrant_splicing/results/v19/fraser/Bone/results_gene_all.tsv
    jobid: 13
    reason: Forced execution
    wildcards: cohort=Bone
    resources: mem_mb=50000, mem_mib=47684, disk_mb=1000, disk_mib=954, tmpdir=<TBD>

Submitted job 13 with external jobid '47066253 logs/cluster/splicing_dna_first/cohort=Bone/jobid13_e7c8ded0-c670-47ef-ac75-f8ad1f1b0bb4.out'.
Terminating processes on user request, this might take some time.
Cancelling snakemake on user request.
